[debug] [2023-05-10T18:51:03.354Z] ----------------------------------------------------------------------
[debug] [2023-05-10T18:51:03.355Z] Command:       /usr/local/bin/node /usr/local/bin/firebase deploy
[debug] [2023-05-10T18:51:03.356Z] CLI Version:   11.30.0
[debug] [2023-05-10T18:51:03.356Z] Platform:      darwin
[debug] [2023-05-10T18:51:03.356Z] Node Version:  v16.13.2
[debug] [2023-05-10T18:51:03.357Z] Time:          Wed May 10 2023 13:51:03 GMT-0500 (Central Daylight Time)
[debug] [2023-05-10T18:51:03.357Z] ----------------------------------------------------------------------
[debug] 
[debug] [2023-05-10T18:51:03.408Z] > command requires scopes: ["email","openid","https://www.googleapis.com/auth/cloudplatformprojects.readonly","https://www.googleapis.com/auth/firebase","https://www.googleapis.com/auth/cloud-platform"]
[debug] [2023-05-10T18:51:03.409Z] > authorizing via signed-in user (senguy44056@gmail.com)
[debug] [2023-05-10T18:51:03.409Z] [iam] checking project substrack-712f2 for permissions ["cloudfunctions.functions.create","cloudfunctions.functions.delete","cloudfunctions.functions.get","cloudfunctions.functions.list","cloudfunctions.functions.update","cloudfunctions.operations.get","firebase.projects.get"]
[debug] [2023-05-10T18:51:03.410Z] >>> [apiv2][query] POST https://cloudresourcemanager.googleapis.com/v1/projects/substrack-712f2:testIamPermissions [none]
[debug] [2023-05-10T18:51:03.410Z] >>> [apiv2][(partial)header] POST https://cloudresourcemanager.googleapis.com/v1/projects/substrack-712f2:testIamPermissions x-goog-quota-user=projects/substrack-712f2
[debug] [2023-05-10T18:51:03.410Z] >>> [apiv2][body] POST https://cloudresourcemanager.googleapis.com/v1/projects/substrack-712f2:testIamPermissions {"permissions":["cloudfunctions.functions.create","cloudfunctions.functions.delete","cloudfunctions.functions.get","cloudfunctions.functions.list","cloudfunctions.functions.update","cloudfunctions.operations.get","firebase.projects.get"]}
[debug] [2023-05-10T18:51:03.631Z] <<< [apiv2][status] POST https://cloudresourcemanager.googleapis.com/v1/projects/substrack-712f2:testIamPermissions 200
[debug] [2023-05-10T18:51:03.631Z] <<< [apiv2][body] POST https://cloudresourcemanager.googleapis.com/v1/projects/substrack-712f2:testIamPermissions {"permissions":["cloudfunctions.functions.create","cloudfunctions.functions.delete","cloudfunctions.functions.get","cloudfunctions.functions.list","cloudfunctions.functions.update","cloudfunctions.operations.get","firebase.projects.get"]}
[debug] [2023-05-10T18:51:03.632Z] >>> [apiv2][query] POST https://iam.googleapis.com/v1/projects/substrack-712f2/serviceAccounts/substrack-712f2@appspot.gserviceaccount.com:testIamPermissions [none]
[debug] [2023-05-10T18:51:03.632Z] >>> [apiv2][body] POST https://iam.googleapis.com/v1/projects/substrack-712f2/serviceAccounts/substrack-712f2@appspot.gserviceaccount.com:testIamPermissions {"permissions":["iam.serviceAccounts.actAs"]}
[debug] [2023-05-10T18:51:03.874Z] <<< [apiv2][status] POST https://iam.googleapis.com/v1/projects/substrack-712f2/serviceAccounts/substrack-712f2@appspot.gserviceaccount.com:testIamPermissions 200
[debug] [2023-05-10T18:51:03.875Z] <<< [apiv2][body] POST https://iam.googleapis.com/v1/projects/substrack-712f2/serviceAccounts/substrack-712f2@appspot.gserviceaccount.com:testIamPermissions {"permissions":["iam.serviceAccounts.actAs"]}
[info] 
[info] === Deploying to 'substrack-712f2'...
[info] 
[info] i  deploying functions 
[info] Running command: npm --prefix "$RESOURCE_DIR" run build
[info] ✔  functions: Finished running predeploy script. 
[debug] [2023-05-10T18:51:06.845Z] >>> [apiv2][query] GET https://firebase.googleapis.com/v1beta1/projects/substrack-712f2 [none]
[debug] [2023-05-10T18:51:07.120Z] <<< [apiv2][status] GET https://firebase.googleapis.com/v1beta1/projects/substrack-712f2 200
[debug] [2023-05-10T18:51:07.120Z] <<< [apiv2][body] GET https://firebase.googleapis.com/v1beta1/projects/substrack-712f2 {"projectId":"substrack-712f2","projectNumber":"580035600962","displayName":"substrack","name":"projects/substrack-712f2","resources":{"hostingSite":"substrack-712f2","realtimeDatabaseInstance":"substrack-712f2-default-rtdb"},"state":"ACTIVE","etag":"1_acc4fb6c-c4b4-4a4e-b1cc-e9b32a105f43"}
[info] i  functions: preparing codebase default for deployment 
[info] i  functions: ensuring required API cloudfunctions.googleapis.com is enabled... 
[info] i  functions: ensuring required API cloudbuild.googleapis.com is enabled... 
[info] i  artifactregistry: ensuring required API artifactregistry.googleapis.com is enabled... 
[debug] [2023-05-10T18:51:07.124Z] >>> [apiv2][query] GET https://serviceusage.googleapis.com/v1/projects/substrack-712f2/services/cloudfunctions.googleapis.com [none]
[debug] [2023-05-10T18:51:07.124Z] >>> [apiv2][(partial)header] GET https://serviceusage.googleapis.com/v1/projects/substrack-712f2/services/cloudfunctions.googleapis.com x-goog-quota-user=projects/substrack-712f2
[debug] [2023-05-10T18:51:07.126Z] >>> [apiv2][query] GET https://serviceusage.googleapis.com/v1/projects/substrack-712f2/services/runtimeconfig.googleapis.com [none]
[debug] [2023-05-10T18:51:07.126Z] >>> [apiv2][(partial)header] GET https://serviceusage.googleapis.com/v1/projects/substrack-712f2/services/runtimeconfig.googleapis.com x-goog-quota-user=projects/substrack-712f2
[debug] [2023-05-10T18:51:07.127Z] >>> [apiv2][query] GET https://serviceusage.googleapis.com/v1/projects/substrack-712f2/services/cloudbuild.googleapis.com [none]
[debug] [2023-05-10T18:51:07.127Z] >>> [apiv2][(partial)header] GET https://serviceusage.googleapis.com/v1/projects/substrack-712f2/services/cloudbuild.googleapis.com x-goog-quota-user=projects/substrack-712f2
[debug] [2023-05-10T18:51:07.128Z] >>> [apiv2][query] GET https://serviceusage.googleapis.com/v1/projects/substrack-712f2/services/artifactregistry.googleapis.com [none]
[debug] [2023-05-10T18:51:07.128Z] >>> [apiv2][(partial)header] GET https://serviceusage.googleapis.com/v1/projects/substrack-712f2/services/artifactregistry.googleapis.com x-goog-quota-user=projects/substrack-712f2
[debug] [2023-05-10T18:51:07.401Z] <<< [apiv2][status] GET https://serviceusage.googleapis.com/v1/projects/substrack-712f2/services/runtimeconfig.googleapis.com 200
[debug] [2023-05-10T18:51:07.402Z] <<< [apiv2][body] GET https://serviceusage.googleapis.com/v1/projects/substrack-712f2/services/runtimeconfig.googleapis.com [omitted]
[debug] [2023-05-10T18:51:07.407Z] <<< [apiv2][status] GET https://serviceusage.googleapis.com/v1/projects/substrack-712f2/services/cloudfunctions.googleapis.com 200
[debug] [2023-05-10T18:51:07.407Z] <<< [apiv2][body] GET https://serviceusage.googleapis.com/v1/projects/substrack-712f2/services/cloudfunctions.googleapis.com [omitted]
[info] ✔  functions: required API cloudfunctions.googleapis.com is enabled 
[debug] [2023-05-10T18:51:07.411Z] <<< [apiv2][status] GET https://serviceusage.googleapis.com/v1/projects/substrack-712f2/services/artifactregistry.googleapis.com 200
[debug] [2023-05-10T18:51:07.411Z] <<< [apiv2][body] GET https://serviceusage.googleapis.com/v1/projects/substrack-712f2/services/artifactregistry.googleapis.com [omitted]
[info] ✔  artifactregistry: required API artifactregistry.googleapis.com is enabled 
[debug] [2023-05-10T18:51:07.412Z] <<< [apiv2][status] GET https://serviceusage.googleapis.com/v1/projects/substrack-712f2/services/cloudbuild.googleapis.com 200
[debug] [2023-05-10T18:51:07.412Z] <<< [apiv2][body] GET https://serviceusage.googleapis.com/v1/projects/substrack-712f2/services/cloudbuild.googleapis.com [omitted]
[info] ✔  functions: required API cloudbuild.googleapis.com is enabled 
[debug] [2023-05-10T18:51:07.413Z] >>> [apiv2][query] GET https://firebase.googleapis.com/v1beta1/projects/substrack-712f2/adminSdkConfig [none]
[debug] [2023-05-10T18:51:07.686Z] <<< [apiv2][status] GET https://firebase.googleapis.com/v1beta1/projects/substrack-712f2/adminSdkConfig 200
[debug] [2023-05-10T18:51:07.686Z] <<< [apiv2][body] GET https://firebase.googleapis.com/v1beta1/projects/substrack-712f2/adminSdkConfig {"projectId":"substrack-712f2","databaseURL":"https://substrack-712f2-default-rtdb.firebaseio.com","storageBucket":"substrack-712f2.appspot.com"}
[debug] [2023-05-10T18:51:07.687Z] >>> [apiv2][query] GET https://runtimeconfig.googleapis.com/v1beta1/projects/substrack-712f2/configs [none]
[debug] [2023-05-10T18:51:07.903Z] <<< [apiv2][status] GET https://runtimeconfig.googleapis.com/v1beta1/projects/substrack-712f2/configs 200
[debug] [2023-05-10T18:51:07.903Z] <<< [apiv2][body] GET https://runtimeconfig.googleapis.com/v1beta1/projects/substrack-712f2/configs {}
[debug] [2023-05-10T18:51:07.904Z] Validating nodejs source
[debug] [2023-05-10T18:51:08.629Z] > [functions] package.json contents: {
  "name": "functions",
  "scripts": {
    "build": "tsc",
    "build:watch": "tsc --watch",
    "serve": "npm run build && firebase emulators:start --only functions",
    "shell": "npm run build && firebase functions:shell",
    "start": "npm run shell",
    "deploy": "firebase deploy --only functions",
    "logs": "firebase functions:log"
  },
  "engines": {
    "node": "16"
  },
  "main": "lib/index.js",
  "dependencies": {
    "firebase-admin": "^11.5.0",
    "firebase-functions": "^4.2.0"
  },
  "devDependencies": {
    "typescript": "^4.9.0",
    "firebase-functions-test": "^3.0.0"
  },
  "private": true
}
[debug] [2023-05-10T18:51:08.629Z] Building nodejs source
[debug] [2023-05-10T18:51:08.630Z] Could not find functions.yaml. Must use http discovery
[debug] [2023-05-10T18:51:08.637Z] Found firebase-functions binary at '/Users/nova/Files/substrack/functions/node_modules/.bin/firebase-functions'
[debug] [2023-05-10T18:51:08.768Z] Serving at port 8123

[debug] [2023-05-10T18:51:08.959Z] Got response from /__/functions.yaml {"endpoints":{"addSubscriptionServices":{"platform":"gcfv1","labels":{},"availableMemoryMb":null,"timeoutSeconds":null,"minInstances":null,"maxInstances":null,"ingressSettings":null,"serviceAccountEmail":null,"vpc":null,"callableTrigger":{},"entryPoint":"addSubscriptionServices"},"getSubscriptionServices":{"platform":"gcfv1","labels":{},"availableMemoryMb":null,"timeoutSeconds":null,"minInstances":null,"maxInstances":null,"ingressSettings":null,"serviceAccountEmail":null,"vpc":null,"callableTrigger":{},"entryPoint":"getSubscriptionServices"},"deleteSubscriptionService":{"platform":"gcfv1","labels":{},"availableMemoryMb":null,"timeoutSeconds":null,"minInstances":null,"maxInstances":null,"ingressSettings":null,"serviceAccountEmail":null,"vpc":null,"callableTrigger":{},"entryPoint":"deleteSubscriptionService"},"getCostBreakdown":{"platform":"gcfv1","labels":{},"availableMemoryMb":null,"timeoutSeconds":null,"minInstances":null,"maxInstances":null,"ingressSettings":null,"serviceAccountEmail":null,"vpc":null,"callableTrigger":{},"entryPoint":"getCostBreakdown"},"postSubscriptionServiceReview":{"platform":"gcfv1","labels":{},"availableMemoryMb":null,"timeoutSeconds":null,"minInstances":null,"maxInstances":null,"ingressSettings":null,"serviceAccountEmail":null,"vpc":null,"callableTrigger":{},"entryPoint":"postSubscriptionServiceReview"},"getSubscriptionServiceReviews":{"platform":"gcfv1","labels":{},"availableMemoryMb":null,"timeoutSeconds":null,"minInstances":null,"maxInstances":null,"ingressSettings":null,"serviceAccountEmail":null,"vpc":null,"callableTrigger":{},"entryPoint":"getSubscriptionServiceReviews"}},"specVersion":"v1alpha1","requiredAPIs":[]}
[debug] [2023-05-10T18:51:08.967Z] shutdown requested via /__/quitquitquit

[info] i  functions: preparing functions directory for uploading... 
[info] i  functions: packaged /Users/nova/Files/substrack/functions (134.02 KB) for uploading 
[debug] [2023-05-10T18:51:09.007Z] >>> [apiv2][query] GET https://cloudfunctions.googleapis.com/v1/projects/substrack-712f2/locations/-/functions [none]
[debug] [2023-05-10T18:51:09.484Z] <<< [apiv2][status] GET https://cloudfunctions.googleapis.com/v1/projects/substrack-712f2/locations/-/functions 200
[debug] [2023-05-10T18:51:09.485Z] <<< [apiv2][body] GET https://cloudfunctions.googleapis.com/v1/projects/substrack-712f2/locations/-/functions {"functions":[{"name":"projects/substrack-712f2/locations/us-central1/functions/addSubscriptionServices","httpsTrigger":{"url":"https://us-central1-substrack-712f2.cloudfunctions.net/addSubscriptionServices","securityLevel":"SECURE_ALWAYS"},"status":"ACTIVE","entryPoint":"addSubscriptionServices","timeout":"60s","availableMemoryMb":256,"serviceAccountEmail":"substrack-712f2@appspot.gserviceaccount.com","updateTime":"2023-05-10T18:40:15.345Z","versionId":"13","labels":{"deployment-tool":"cli-firebase","deployment-callable":"true","firebase-functions-hash":"3daa1fe5e3e4f405f4b95a7700c4b7d5c79f2b9a"},"sourceUploadUrl":"https://storage.googleapis.com/uploads-556107030103.us-central1.cloudfunctions.appspot.com/7956f36e-8b5d-4625-9110-4e12c7cc4349.zip","environmentVariables":{"FIREBASE_CONFIG":"{\"projectId\":\"substrack-712f2\",\"databaseURL\":\"https://substrack-712f2-default-rtdb.firebaseio.com\",\"storageBucket\":\"substrack-712f2.appspot.com\"}","GCLOUD_PROJECT":"substrack-712f2","EVENTARC_CLOUD_EVENT_SOURCE":"projects/substrack-712f2/locations/us-central1/functions/addSubscriptionServices"},"runtime":"nodejs16","ingressSettings":"ALLOW_ALL","buildId":"a0c56f31-8016-4158-aee8-3973958aefd7","buildEnvironmentVariables":{"GOOGLE_NODE_RUN_SCRIPTS":""},"buildName":"projects/580035600962/locations/us-central1/builds/a0c56f31-8016-4158-aee8-3973958aefd7","dockerRegistry":"ARTIFACT_REGISTRY"},{"name":"projects/substrack-712f2/locations/us-central1/functions/deleteSubscriptionService","httpsTrigger":{"url":"https://us-central1-substrack-712f2.cloudfunctions.net/deleteSubscriptionService","securityLevel":"SECURE_ALWAYS"},"status":"ACTIVE","entryPoint":"deleteSubscriptionService","timeout":"60s","availableMemoryMb":256,"serviceAccountEmail":"substrack-712f2@appspot.gserviceaccount.com","updateTime":"2023-05-10T18:40:17.243Z","versionId":"12","labels":{"deployment-tool":"cli-firebase","deployment-callable":"true","firebase-functions-hash":"3daa1fe5e3e4f405f4b95a7700c4b7d5c79f2b9a"},"sourceUploadUrl":"https://storage.googleapis.com/uploads-556107030103.us-central1.cloudfunctions.appspot.com/7956f36e-8b5d-4625-9110-4e12c7cc4349.zip","environmentVariables":{"FIREBASE_CONFIG":"{\"projectId\":\"substrack-712f2\",\"databaseURL\":\"https://substrack-712f2-default-rtdb.firebaseio.com\",\"storageBucket\":\"substrack-712f2.appspot.com\"}","GCLOUD_PROJECT":"substrack-712f2","EVENTARC_CLOUD_EVENT_SOURCE":"projects/substrack-712f2/locations/us-central1/functions/deleteSubscriptionService"},"runtime":"nodejs16","ingressSettings":"ALLOW_ALL","buildId":"a0c56f31-8016-4158-aee8-3973958aefd7","buildEnvironmentVariables":{"GOOGLE_NODE_RUN_SCRIPTS":""},"buildName":"projects/580035600962/locations/us-central1/builds/a0c56f31-8016-4158-aee8-3973958aefd7","dockerRegistry":"ARTIFACT_REGISTRY"},{"name":"projects/substrack-712f2/locations/us-central1/functions/getCostBreakdown","httpsTrigger":{"url":"https://us-central1-substrack-712f2.cloudfunctions.net/getCostBreakdown","securityLevel":"SECURE_ALWAYS"},"status":"ACTIVE","entryPoint":"getCostBreakdown","timeout":"60s","availableMemoryMb":256,"serviceAccountEmail":"substrack-712f2@appspot.gserviceaccount.com","updateTime":"2023-05-10T18:40:17.241Z","versionId":"8","labels":{"deployment-tool":"cli-firebase","deployment-callable":"true","firebase-functions-hash":"3daa1fe5e3e4f405f4b95a7700c4b7d5c79f2b9a"},"sourceUploadUrl":"https://storage.googleapis.com/uploads-556107030103.us-central1.cloudfunctions.appspot.com/7956f36e-8b5d-4625-9110-4e12c7cc4349.zip","environmentVariables":{"FIREBASE_CONFIG":"{\"projectId\":\"substrack-712f2\",\"databaseURL\":\"https://substrack-712f2-default-rtdb.firebaseio.com\",\"storageBucket\":\"substrack-712f2.appspot.com\"}","GCLOUD_PROJECT":"substrack-712f2","EVENTARC_CLOUD_EVENT_SOURCE":"projects/substrack-712f2/locations/us-central1/functions/getCostBreakdown"},"runtime":"nodejs16","ingressSettings":"ALLOW_ALL","buildId":"a0c56f31-8016-4158-aee8-3973958aefd7","buildEnvironmentVariables":{"GOOGLE_NODE_RUN_SCRIPTS":""},"buildName":"projects/580035600962/locations/us-central1/builds/a0c56f31-8016-4158-aee8-3973958aefd7","dockerRegistry":"ARTIFACT_REGISTRY"},{"name":"projects/substrack-712f2/locations/us-central1/functions/getSubscriptionServiceReviews","httpsTrigger":{"url":"https://us-central1-substrack-712f2.cloudfunctions.net/getSubscriptionServiceReviews","securityLevel":"SECURE_ALWAYS"},"status":"ACTIVE","entryPoint":"getSubscriptionServiceReviews","timeout":"60s","availableMemoryMb":256,"serviceAccountEmail":"substrack-712f2@appspot.gserviceaccount.com","updateTime":"2023-05-10T18:40:18.127Z","versionId":"7","labels":{"deployment-tool":"cli-firebase","deployment-callable":"true","firebase-functions-hash":"3daa1fe5e3e4f405f4b95a7700c4b7d5c79f2b9a"},"sourceUploadUrl":"https://storage.googleapis.com/uploads-556107030103.us-central1.cloudfunctions.appspot.com/7956f36e-8b5d-4625-9110-4e12c7cc4349.zip","environmentVariables":{"FIREBASE_CONFIG":"{\"projectId\":\"substrack-712f2\",\"databaseURL\":\"https://substrack-712f2-default-rtdb.firebaseio.com\",\"storageBucket\":\"substrack-712f2.appspot.com\"}","GCLOUD_PROJECT":"substrack-712f2","EVENTARC_CLOUD_EVENT_SOURCE":"projects/substrack-712f2/locations/us-central1/functions/getSubscriptionServiceReviews"},"runtime":"nodejs16","ingressSettings":"ALLOW_ALL","buildId":"a0c56f31-8016-4158-aee8-3973958aefd7","buildEnvironmentVariables":{"GOOGLE_NODE_RUN_SCRIPTS":""},"buildName":"projects/580035600962/locations/us-central1/builds/a0c56f31-8016-4158-aee8-3973958aefd7","dockerRegistry":"ARTIFACT_REGISTRY"},{"name":"projects/substrack-712f2/locations/us-central1/functions/getSubscriptionServices","httpsTrigger":{"url":"https://us-central1-substrack-712f2.cloudfunctions.net/getSubscriptionServices","securityLevel":"SECURE_ALWAYS"},"status":"ACTIVE","entryPoint":"getSubscriptionServices","timeout":"60s","availableMemoryMb":256,"serviceAccountEmail":"substrack-712f2@appspot.gserviceaccount.com","updateTime":"2023-05-10T18:40:18.380Z","versionId":"13","labels":{"deployment-tool":"cli-firebase","deployment-callable":"true","firebase-functions-hash":"3daa1fe5e3e4f405f4b95a7700c4b7d5c79f2b9a"},"sourceUploadUrl":"https://storage.googleapis.com/uploads-556107030103.us-central1.cloudfunctions.appspot.com/7956f36e-8b5d-4625-9110-4e12c7cc4349.zip","environmentVariables":{"FIREBASE_CONFIG":"{\"projectId\":\"substrack-712f2\",\"databaseURL\":\"https://substrack-712f2-default-rtdb.firebaseio.com\",\"storageBucket\":\"substrack-712f2.appspot.com\"}","GCLOUD_PROJECT":"substrack-712f2","EVENTARC_CLOUD_EVENT_SOURCE":"projects/substrack-712f2/locations/us-central1/functions/getSubscriptionServices"},"runtime":"nodejs16","ingressSettings":"ALLOW_ALL","buildId":"a0c56f31-8016-4158-aee8-3973958aefd7","buildEnvironmentVariables":{"GOOGLE_NODE_RUN_SCRIPTS":""},"buildName":"projects/580035600962/locations/us-central1/builds/a0c56f31-8016-4158-aee8-3973958aefd7","dockerRegistry":"ARTIFACT_REGISTRY"},{"name":"projects/substrack-712f2/locations/us-central1/functions/postSubscriptionServiceReview","httpsTrigger":{"url":"https://us-central1-substrack-712f2.cloudfunctions.net/postSubscriptionServiceReview","securityLevel":"SECURE_ALWAYS"},"status":"ACTIVE","entryPoint":"postSubscriptionServiceReview","timeout":"60s","availableMemoryMb":256,"serviceAccountEmail":"substrack-712f2@appspot.gserviceaccount.com","updateTime":"2023-05-10T18:40:18.251Z","versionId":"7","labels":{"deployment-tool":"cli-firebase","deployment-callable":"true","firebase-functions-hash":"3daa1fe5e3e4f405f4b95a7700c4b7d5c79f2b9a"},"sourceUploadUrl":"https://storage.googleapis.com/uploads-556107030103.us-central1.cloudfunctions.appspot.com/7956f36e-8b5d-4625-9110-4e12c7cc4349.zip","environmentVariables":{"FIREBASE_CONFIG":"{\"projectId\":\"substrack-712f2\",\"databaseURL\":\"https://substrack-712f2-default-rtdb.firebaseio.com\",\"storageBucket\":\"substrack-712f2.appspot.com\"}","GCLOUD_PROJECT":"substrack-712f2","EVENTARC_CLOUD_EVENT_SOURCE":"projects/substrack-712f2/locations/us-central1/functions/postSubscriptionServiceReview"},"runtime":"nodejs16","ingressSettings":"ALLOW_ALL","buildId":"a0c56f31-8016-4158-aee8-3973958aefd7","buildEnvironmentVariables":{"GOOGLE_NODE_RUN_SCRIPTS":""},"buildName":"projects/580035600962/locations/us-central1/builds/a0c56f31-8016-4158-aee8-3973958aefd7","dockerRegistry":"ARTIFACT_REGISTRY"}]}
[debug] [2023-05-10T18:51:09.488Z] >>> [apiv2][query] GET https://cloudfunctions.googleapis.com/v2/projects/substrack-712f2/locations/-/functions filter=environment%3D%22GEN_2%22
[debug] [2023-05-10T18:51:09.976Z] <<< [apiv2][status] GET https://cloudfunctions.googleapis.com/v2/projects/substrack-712f2/locations/-/functions 200
[debug] [2023-05-10T18:51:09.976Z] <<< [apiv2][body] GET https://cloudfunctions.googleapis.com/v2/projects/substrack-712f2/locations/-/functions {}
[debug] [2023-05-10T18:51:09.985Z] >>> [apiv2][query] GET https://firebase.googleapis.com/v1beta1/projects/substrack-712f2 [none]
[debug] [2023-05-10T18:51:10.221Z] <<< [apiv2][status] GET https://firebase.googleapis.com/v1beta1/projects/substrack-712f2 200
[debug] [2023-05-10T18:51:10.221Z] <<< [apiv2][body] GET https://firebase.googleapis.com/v1beta1/projects/substrack-712f2 {"projectId":"substrack-712f2","projectNumber":"580035600962","displayName":"substrack","name":"projects/substrack-712f2","resources":{"hostingSite":"substrack-712f2","realtimeDatabaseInstance":"substrack-712f2-default-rtdb"},"state":"ACTIVE","etag":"1_acc4fb6c-c4b4-4a4e-b1cc-e9b32a105f43"}
[debug] [2023-05-10T18:51:10.224Z] >>> [apiv2][query] POST https://cloudfunctions.googleapis.com/v1/projects/substrack-712f2/locations/us-central1/functions:generateUploadUrl [none]
[debug] [2023-05-10T18:51:10.224Z] >>> [apiv2][body] POST https://cloudfunctions.googleapis.com/v1/projects/substrack-712f2/locations/us-central1/functions:generateUploadUrl {}
[debug] [2023-05-10T18:51:10.679Z] <<< [apiv2][status] POST https://cloudfunctions.googleapis.com/v1/projects/substrack-712f2/locations/us-central1/functions:generateUploadUrl 200
[debug] [2023-05-10T18:51:10.680Z] <<< [apiv2][body] POST https://cloudfunctions.googleapis.com/v1/projects/substrack-712f2/locations/us-central1/functions:generateUploadUrl {"uploadUrl":"https://storage.googleapis.com/uploads-556107030103.us-central1.cloudfunctions.appspot.com/2132af6f-f482-48c0-b0be-6cd5412386dc.zip?GoogleAccessId=service-580035600962@gcf-admin-robot.iam.gserviceaccount.com&Expires=1683746470&Signature=kCdoC5mxH%2FLN1tP8XO0fn9r9MJZESu9tPbuWVcxtaw2BlPIwDuEcoL42fdcvMRtnWj6rj%2Bg0Yr5MURD74nq7nT6cVrmU7SU4f6xgKRE8ZpnofHsb2qxdJYto0L4XrYA2io7YJ%2FbX9mhF60Y%2F96abGVnfUYEebwytajC3%2BGtlGYL1CyZCs5%2F6O9fO1cMVB8mdjIlfppMkaL74kIAq4NKB%2Fm%2Fjm7yVDaUb9q6RP2Kaiwy9QOqkTZOe7JwHPqMX1W8qDRBhe0gIaJHZlo1PqopP0rkJYlRnM86QSdO3DjxYpSDXWE6YzwzMsfQj4ctb4rDfnWaX7KagWp3n%2BJXFKYEN7w%3D%3D"}
[debug] [2023-05-10T18:51:10.681Z] >>> [apiv2][query] PUT https://storage.googleapis.com/uploads-556107030103.us-central1.cloudfunctions.appspot.com/2132af6f-f482-48c0-b0be-6cd5412386dc.zip GoogleAccessId=service-580035600962%40gcf-admin-robot.iam.gserviceaccount.com&Expires=1683746470&Signature=kCdoC5mxH%2FLN1tP8XO0fn9r9MJZESu9tPbuWVcxtaw2BlPIwDuEcoL42fdcvMRtnWj6rj%2Bg0Yr5MURD74nq7nT6cVrmU7SU4f6xgKRE8ZpnofHsb2qxdJYto0L4XrYA2io7YJ%2FbX9mhF60Y%2F96abGVnfUYEebwytajC3%2BGtlGYL1CyZCs5%2F6O9fO1cMVB8mdjIlfppMkaL74kIAq4NKB%2Fm%2Fjm7yVDaUb9q6RP2Kaiwy9QOqkTZOe7JwHPqMX1W8qDRBhe0gIaJHZlo1PqopP0rkJYlRnM86QSdO3DjxYpSDXWE6YzwzMsfQj4ctb4rDfnWaX7KagWp3n%2BJXFKYEN7w%3D%3D
[debug] [2023-05-10T18:51:10.681Z] >>> [apiv2][body] PUT https://storage.googleapis.com/uploads-556107030103.us-central1.cloudfunctions.appspot.com/2132af6f-f482-48c0-b0be-6cd5412386dc.zip [stream]
[debug] [2023-05-10T18:51:10.946Z] <<< [apiv2][status] PUT https://storage.googleapis.com/uploads-556107030103.us-central1.cloudfunctions.appspot.com/2132af6f-f482-48c0-b0be-6cd5412386dc.zip 200
[debug] [2023-05-10T18:51:10.946Z] <<< [apiv2][body] PUT https://storage.googleapis.com/uploads-556107030103.us-central1.cloudfunctions.appspot.com/2132af6f-f482-48c0-b0be-6cd5412386dc.zip [omitted]
[info] ✔  functions: functions folder uploaded successfully 
[info] i  functions: updating Node.js 16 function addSubscriptionServices(us-central1)... 
[info] i  functions: updating Node.js 16 function getSubscriptionServices(us-central1)... 
[info] i  functions: updating Node.js 16 function deleteSubscriptionService(us-central1)... 
[info] i  functions: updating Node.js 16 function getCostBreakdown(us-central1)... 
[info] i  functions: updating Node.js 16 function postSubscriptionServiceReview(us-central1)... 
[info] i  functions: updating Node.js 16 function getSubscriptionServiceReviews(us-central1)... 
[debug] [2023-05-10T18:51:10.956Z] >>> [apiv2][query] PATCH https://cloudfunctions.googleapis.com/v1/projects/substrack-712f2/locations/us-central1/functions/addSubscriptionServices updateMask=name%2CsourceUploadUrl%2CentryPoint%2Cruntime%2CdockerRegistry%2Clabels%2ChttpsTrigger.securityLevel%2CminInstances%2CmaxInstances%2CingressSettings%2CenvironmentVariables%2CserviceAccountEmail%2CavailableMemoryMb%2Ctimeout%2CvpcConnector%2CvpcConnectorEgressSettings%2CsourceToken%2CbuildEnvironmentVariables
[debug] [2023-05-10T18:51:10.956Z] >>> [apiv2][body] PATCH https://cloudfunctions.googleapis.com/v1/projects/substrack-712f2/locations/us-central1/functions/addSubscriptionServices {"name":"projects/substrack-712f2/locations/us-central1/functions/addSubscriptionServices","sourceUploadUrl":"https://storage.googleapis.com/uploads-556107030103.us-central1.cloudfunctions.appspot.com/2132af6f-f482-48c0-b0be-6cd5412386dc.zip?GoogleAccessId=service-580035600962@gcf-admin-robot.iam.gserviceaccount.com&Expires=1683746470&Signature=kCdoC5mxH%2FLN1tP8XO0fn9r9MJZESu9tPbuWVcxtaw2BlPIwDuEcoL42fdcvMRtnWj6rj%2Bg0Yr5MURD74nq7nT6cVrmU7SU4f6xgKRE8ZpnofHsb2qxdJYto0L4XrYA2io7YJ%2FbX9mhF60Y%2F96abGVnfUYEebwytajC3%2BGtlGYL1CyZCs5%2F6O9fO1cMVB8mdjIlfppMkaL74kIAq4NKB%2Fm%2Fjm7yVDaUb9q6RP2Kaiwy9QOqkTZOe7JwHPqMX1W8qDRBhe0gIaJHZlo1PqopP0rkJYlRnM86QSdO3DjxYpSDXWE6YzwzMsfQj4ctb4rDfnWaX7KagWp3n%2BJXFKYEN7w%3D%3D","entryPoint":"addSubscriptionServices","runtime":"nodejs16","dockerRegistry":"ARTIFACT_REGISTRY","labels":{"deployment-tool":"cli-firebase","deployment-callable":"true","firebase-functions-hash":"a1b012f5fe4334e1d579fe9c5abe7300bcd02103"},"httpsTrigger":{"securityLevel":"SECURE_ALWAYS"},"minInstances":null,"maxInstances":null,"ingressSettings":null,"environmentVariables":{"FIREBASE_CONFIG":"{\"projectId\":\"substrack-712f2\",\"databaseURL\":\"https://substrack-712f2-default-rtdb.firebaseio.com\",\"storageBucket\":\"substrack-712f2.appspot.com\"}","GCLOUD_PROJECT":"substrack-712f2","EVENTARC_CLOUD_EVENT_SOURCE":"projects/substrack-712f2/locations/us-central1/functions/addSubscriptionServices"},"serviceAccountEmail":null,"availableMemoryMb":null,"timeout":null,"vpcConnector":null,"vpcConnectorEgressSettings":null,"buildEnvironmentVariables":{"GOOGLE_NODE_RUN_SCRIPTS":""}}
[debug] [2023-05-10T18:51:11.515Z] <<< [apiv2][status] PATCH https://cloudfunctions.googleapis.com/v1/projects/substrack-712f2/locations/us-central1/functions/addSubscriptionServices 200
[debug] [2023-05-10T18:51:11.515Z] <<< [apiv2][body] PATCH https://cloudfunctions.googleapis.com/v1/projects/substrack-712f2/locations/us-central1/functions/addSubscriptionServices {"name":"operations/c3Vic3RyYWNrLTcxMmYyL3VzLWNlbnRyYWwxL2FkZFN1YnNjcmlwdGlvblNlcnZpY2VzLy1vdWNlVmlfTGNz","metadata":{"@type":"type.googleapis.com/google.cloud.functions.v1.OperationMetadataV1","target":"projects/substrack-712f2/locations/us-central1/functions/addSubscriptionServices","type":"UPDATE_FUNCTION","request":{"@type":"type.googleapis.com/google.cloud.functions.v1.CloudFunction","name":"projects/substrack-712f2/locations/us-central1/functions/addSubscriptionServices","httpsTrigger":{"url":"https://us-central1-substrack-712f2.cloudfunctions.net/addSubscriptionServices","securityLevel":"SECURE_ALWAYS"},"status":"ACTIVE","entryPoint":"addSubscriptionServices","updateTime":"2023-05-10T18:40:15.345Z","versionId":"13","labels":{"deployment-tool":"cli-firebase","deployment-callable":"true","firebase-functions-hash":"a1b012f5fe4334e1d579fe9c5abe7300bcd02103"},"sourceUploadUrl":"https://storage.googleapis.com/uploads-556107030103.us-central1.cloudfunctions.appspot.com/2132af6f-f482-48c0-b0be-6cd5412386dc.zip?GoogleAccessId=service-580035600962@gcf-admin-robot.iam.gserviceaccount.com&Expires=1683746470&Signature=kCdoC5mxH%2FLN1tP8XO0fn9r9MJZESu9tPbuWVcxtaw2BlPIwDuEcoL42fdcvMRtnWj6rj%2Bg0Yr5MURD74nq7nT6cVrmU7SU4f6xgKRE8ZpnofHsb2qxdJYto0L4XrYA2io7YJ%2FbX9mhF60Y%2F96abGVnfUYEebwytajC3%2BGtlGYL1CyZCs5%2F6O9fO1cMVB8mdjIlfppMkaL74kIAq4NKB%2Fm%2Fjm7yVDaUb9q6RP2Kaiwy9QOqkTZOe7JwHPqMX1W8qDRBhe0gIaJHZlo1PqopP0rkJYlRnM86QSdO3DjxYpSDXWE6YzwzMsfQj4ctb4rDfnWaX7KagWp3n%2BJXFKYEN7w%3D%3D","environmentVariables":{"FIREBASE_CONFIG":"{\"projectId\":\"substrack-712f2\",\"databaseURL\":\"https://substrack-712f2-default-rtdb.firebaseio.com\",\"storageBucket\":\"substrack-712f2.appspot.com\"}","GCLOUD_PROJECT":"substrack-712f2","EVENTARC_CLOUD_EVENT_SOURCE":"projects/substrack-712f2/locations/us-central1/functions/addSubscriptionServices"},"runtime":"nodejs16","buildId":"a0c56f31-8016-4158-aee8-3973958aefd7","buildEnvironmentVariables":{"GOOGLE_NODE_RUN_SCRIPTS":""},"buildName":"projects/580035600962/locations/us-central1/builds/a0c56f31-8016-4158-aee8-3973958aefd7","dockerRegistry":"ARTIFACT_REGISTRY"},"versionId":"14","updateTime":"2023-05-10T18:51:11Z"}}
[debug] [2023-05-10T18:51:11.517Z] >>> [apiv2][query] GET https://cloudfunctions.googleapis.com/v1/operations/c3Vic3RyYWNrLTcxMmYyL3VzLWNlbnRyYWwxL2FkZFN1YnNjcmlwdGlvblNlcnZpY2VzLy1vdWNlVmlfTGNz [none]
[debug] [2023-05-10T18:51:11.717Z] <<< [apiv2][status] GET https://cloudfunctions.googleapis.com/v1/operations/c3Vic3RyYWNrLTcxMmYyL3VzLWNlbnRyYWwxL2FkZFN1YnNjcmlwdGlvblNlcnZpY2VzLy1vdWNlVmlfTGNz 200
[debug] [2023-05-10T18:51:11.717Z] <<< [apiv2][body] GET https://cloudfunctions.googleapis.com/v1/operations/c3Vic3RyYWNrLTcxMmYyL3VzLWNlbnRyYWwxL2FkZFN1YnNjcmlwdGlvblNlcnZpY2VzLy1vdWNlVmlfTGNz {"name":"operations/c3Vic3RyYWNrLTcxMmYyL3VzLWNlbnRyYWwxL2FkZFN1YnNjcmlwdGlvblNlcnZpY2VzLy1vdWNlVmlfTGNz","metadata":{"@type":"type.googleapis.com/google.cloud.functions.v1.OperationMetadataV1","target":"projects/substrack-712f2/locations/us-central1/functions/addSubscriptionServices","type":"UPDATE_FUNCTION","request":{"@type":"type.googleapis.com/google.cloud.functions.v1.CloudFunction","name":"projects/substrack-712f2/locations/us-central1/functions/addSubscriptionServices","httpsTrigger":{"url":"https://us-central1-substrack-712f2.cloudfunctions.net/addSubscriptionServices","securityLevel":"SECURE_ALWAYS"},"status":"ACTIVE","entryPoint":"addSubscriptionServices","updateTime":"2023-05-10T18:40:15.345Z","versionId":"13","labels":{"deployment-tool":"cli-firebase","deployment-callable":"true","firebase-functions-hash":"a1b012f5fe4334e1d579fe9c5abe7300bcd02103"},"sourceUploadUrl":"https://storage.googleapis.com/uploads-556107030103.us-central1.cloudfunctions.appspot.com/2132af6f-f482-48c0-b0be-6cd5412386dc.zip?GoogleAccessId=service-580035600962@gcf-admin-robot.iam.gserviceaccount.com&Expires=1683746470&Signature=kCdoC5mxH%2FLN1tP8XO0fn9r9MJZESu9tPbuWVcxtaw2BlPIwDuEcoL42fdcvMRtnWj6rj%2Bg0Yr5MURD74nq7nT6cVrmU7SU4f6xgKRE8ZpnofHsb2qxdJYto0L4XrYA2io7YJ%2FbX9mhF60Y%2F96abGVnfUYEebwytajC3%2BGtlGYL1CyZCs5%2F6O9fO1cMVB8mdjIlfppMkaL74kIAq4NKB%2Fm%2Fjm7yVDaUb9q6RP2Kaiwy9QOqkTZOe7JwHPqMX1W8qDRBhe0gIaJHZlo1PqopP0rkJYlRnM86QSdO3DjxYpSDXWE6YzwzMsfQj4ctb4rDfnWaX7KagWp3n%2BJXFKYEN7w%3D%3D","environmentVariables":{"FIREBASE_CONFIG":"{\"projectId\":\"substrack-712f2\",\"databaseURL\":\"https://substrack-712f2-default-rtdb.firebaseio.com\",\"storageBucket\":\"substrack-712f2.appspot.com\"}","GCLOUD_PROJECT":"substrack-712f2","EVENTARC_CLOUD_EVENT_SOURCE":"projects/substrack-712f2/locations/us-central1/functions/addSubscriptionServices"},"runtime":"nodejs16","buildId":"a0c56f31-8016-4158-aee8-3973958aefd7","buildEnvironmentVariables":{"GOOGLE_NODE_RUN_SCRIPTS":""},"buildName":"projects/580035600962/locations/us-central1/builds/a0c56f31-8016-4158-aee8-3973958aefd7","dockerRegistry":"ARTIFACT_REGISTRY"},"versionId":"14","updateTime":"2023-05-10T18:51:11Z"}}
[debug] [2023-05-10T18:51:12.219Z] [update-default-us-central1-addSubscriptionServices] Retrying task index 0
[debug] [2023-05-10T18:51:12.219Z] >>> [apiv2][query] GET https://cloudfunctions.googleapis.com/v1/operations/c3Vic3RyYWNrLTcxMmYyL3VzLWNlbnRyYWwxL2FkZFN1YnNjcmlwdGlvblNlcnZpY2VzLy1vdWNlVmlfTGNz [none]
[debug] [2023-05-10T18:51:12.373Z] <<< [apiv2][status] GET https://cloudfunctions.googleapis.com/v1/operations/c3Vic3RyYWNrLTcxMmYyL3VzLWNlbnRyYWwxL2FkZFN1YnNjcmlwdGlvblNlcnZpY2VzLy1vdWNlVmlfTGNz 200
[debug] [2023-05-10T18:51:12.373Z] <<< [apiv2][body] GET https://cloudfunctions.googleapis.com/v1/operations/c3Vic3RyYWNrLTcxMmYyL3VzLWNlbnRyYWwxL2FkZFN1YnNjcmlwdGlvblNlcnZpY2VzLy1vdWNlVmlfTGNz {"name":"operations/c3Vic3RyYWNrLTcxMmYyL3VzLWNlbnRyYWwxL2FkZFN1YnNjcmlwdGlvblNlcnZpY2VzLy1vdWNlVmlfTGNz","metadata":{"@type":"type.googleapis.com/google.cloud.functions.v1.OperationMetadataV1","target":"projects/substrack-712f2/locations/us-central1/functions/addSubscriptionServices","type":"UPDATE_FUNCTION","request":{"@type":"type.googleapis.com/google.cloud.functions.v1.CloudFunction","name":"projects/substrack-712f2/locations/us-central1/functions/addSubscriptionServices","httpsTrigger":{"url":"https://us-central1-substrack-712f2.cloudfunctions.net/addSubscriptionServices","securityLevel":"SECURE_ALWAYS"},"status":"ACTIVE","entryPoint":"addSubscriptionServices","updateTime":"2023-05-10T18:40:15.345Z","versionId":"13","labels":{"deployment-tool":"cli-firebase","deployment-callable":"true","firebase-functions-hash":"a1b012f5fe4334e1d579fe9c5abe7300bcd02103"},"sourceUploadUrl":"https://storage.googleapis.com/uploads-556107030103.us-central1.cloudfunctions.appspot.com/2132af6f-f482-48c0-b0be-6cd5412386dc.zip?GoogleAccessId=service-580035600962@gcf-admin-robot.iam.gserviceaccount.com&Expires=1683746470&Signature=kCdoC5mxH%2FLN1tP8XO0fn9r9MJZESu9tPbuWVcxtaw2BlPIwDuEcoL42fdcvMRtnWj6rj%2Bg0Yr5MURD74nq7nT6cVrmU7SU4f6xgKRE8ZpnofHsb2qxdJYto0L4XrYA2io7YJ%2FbX9mhF60Y%2F96abGVnfUYEebwytajC3%2BGtlGYL1CyZCs5%2F6O9fO1cMVB8mdjIlfppMkaL74kIAq4NKB%2Fm%2Fjm7yVDaUb9q6RP2Kaiwy9QOqkTZOe7JwHPqMX1W8qDRBhe0gIaJHZlo1PqopP0rkJYlRnM86QSdO3DjxYpSDXWE6YzwzMsfQj4ctb4rDfnWaX7KagWp3n%2BJXFKYEN7w%3D%3D","environmentVariables":{"FIREBASE_CONFIG":"{\"projectId\":\"substrack-712f2\",\"databaseURL\":\"https://substrack-712f2-default-rtdb.firebaseio.com\",\"storageBucket\":\"substrack-712f2.appspot.com\"}","GCLOUD_PROJECT":"substrack-712f2","EVENTARC_CLOUD_EVENT_SOURCE":"projects/substrack-712f2/locations/us-central1/functions/addSubscriptionServices"},"runtime":"nodejs16","buildId":"a0c56f31-8016-4158-aee8-3973958aefd7","buildEnvironmentVariables":{"GOOGLE_NODE_RUN_SCRIPTS":""},"buildName":"projects/580035600962/locations/us-central1/builds/a0c56f31-8016-4158-aee8-3973958aefd7","dockerRegistry":"ARTIFACT_REGISTRY"},"versionId":"14","updateTime":"2023-05-10T18:51:11Z","buildId":"c7d1e594-2cf5-4538-a2ca-62153652c006","buildName":"projects/580035600962/locations/us-central1/builds/c7d1e594-2cf5-4538-a2ca-62153652c006"}}
[debug] [2023-05-10T18:51:13.374Z] [update-default-us-central1-addSubscriptionServices] Retrying task index 0
[debug] [2023-05-10T18:51:13.375Z] >>> [apiv2][query] GET https://cloudfunctions.googleapis.com/v1/operations/c3Vic3RyYWNrLTcxMmYyL3VzLWNlbnRyYWwxL2FkZFN1YnNjcmlwdGlvblNlcnZpY2VzLy1vdWNlVmlfTGNz [none]
[debug] [2023-05-10T18:51:13.593Z] <<< [apiv2][status] GET https://cloudfunctions.googleapis.com/v1/operations/c3Vic3RyYWNrLTcxMmYyL3VzLWNlbnRyYWwxL2FkZFN1YnNjcmlwdGlvblNlcnZpY2VzLy1vdWNlVmlfTGNz 200
[debug] [2023-05-10T18:51:13.593Z] <<< [apiv2][body] GET https://cloudfunctions.googleapis.com/v1/operations/c3Vic3RyYWNrLTcxMmYyL3VzLWNlbnRyYWwxL2FkZFN1YnNjcmlwdGlvblNlcnZpY2VzLy1vdWNlVmlfTGNz {"name":"operations/c3Vic3RyYWNrLTcxMmYyL3VzLWNlbnRyYWwxL2FkZFN1YnNjcmlwdGlvblNlcnZpY2VzLy1vdWNlVmlfTGNz","metadata":{"@type":"type.googleapis.com/google.cloud.functions.v1.OperationMetadataV1","target":"projects/substrack-712f2/locations/us-central1/functions/addSubscriptionServices","type":"UPDATE_FUNCTION","request":{"@type":"type.googleapis.com/google.cloud.functions.v1.CloudFunction","name":"projects/substrack-712f2/locations/us-central1/functions/addSubscriptionServices","httpsTrigger":{"url":"https://us-central1-substrack-712f2.cloudfunctions.net/addSubscriptionServices","securityLevel":"SECURE_ALWAYS"},"status":"ACTIVE","entryPoint":"addSubscriptionServices","updateTime":"2023-05-10T18:40:15.345Z","versionId":"13","labels":{"deployment-tool":"cli-firebase","deployment-callable":"true","firebase-functions-hash":"a1b012f5fe4334e1d579fe9c5abe7300bcd02103"},"sourceUploadUrl":"https://storage.googleapis.com/uploads-556107030103.us-central1.cloudfunctions.appspot.com/2132af6f-f482-48c0-b0be-6cd5412386dc.zip?GoogleAccessId=service-580035600962@gcf-admin-robot.iam.gserviceaccount.com&Expires=1683746470&Signature=kCdoC5mxH%2FLN1tP8XO0fn9r9MJZESu9tPbuWVcxtaw2BlPIwDuEcoL42fdcvMRtnWj6rj%2Bg0Yr5MURD74nq7nT6cVrmU7SU4f6xgKRE8ZpnofHsb2qxdJYto0L4XrYA2io7YJ%2FbX9mhF60Y%2F96abGVnfUYEebwytajC3%2BGtlGYL1CyZCs5%2F6O9fO1cMVB8mdjIlfppMkaL74kIAq4NKB%2Fm%2Fjm7yVDaUb9q6RP2Kaiwy9QOqkTZOe7JwHPqMX1W8qDRBhe0gIaJHZlo1PqopP0rkJYlRnM86QSdO3DjxYpSDXWE6YzwzMsfQj4ctb4rDfnWaX7KagWp3n%2BJXFKYEN7w%3D%3D","environmentVariables":{"FIREBASE_CONFIG":"{\"projectId\":\"substrack-712f2\",\"databaseURL\":\"https://substrack-712f2-default-rtdb.firebaseio.com\",\"storageBucket\":\"substrack-712f2.appspot.com\"}","GCLOUD_PROJECT":"substrack-712f2","EVENTARC_CLOUD_EVENT_SOURCE":"projects/substrack-712f2/locations/us-central1/functions/addSubscriptionServices"},"runtime":"nodejs16","buildId":"a0c56f31-8016-4158-aee8-3973958aefd7","buildEnvironmentVariables":{"GOOGLE_NODE_RUN_SCRIPTS":""},"buildName":"projects/580035600962/locations/us-central1/builds/a0c56f31-8016-4158-aee8-3973958aefd7","dockerRegistry":"ARTIFACT_REGISTRY"},"versionId":"14","updateTime":"2023-05-10T18:51:11Z","buildId":"c7d1e594-2cf5-4538-a2ca-62153652c006","buildName":"projects/580035600962/locations/us-central1/builds/c7d1e594-2cf5-4538-a2ca-62153652c006"}}
[debug] [2023-05-10T18:51:15.594Z] [update-default-us-central1-addSubscriptionServices] Retrying task index 0
[debug] [2023-05-10T18:51:15.595Z] >>> [apiv2][query] GET https://cloudfunctions.googleapis.com/v1/operations/c3Vic3RyYWNrLTcxMmYyL3VzLWNlbnRyYWwxL2FkZFN1YnNjcmlwdGlvblNlcnZpY2VzLy1vdWNlVmlfTGNz [none]
[debug] [2023-05-10T18:51:15.779Z] <<< [apiv2][status] GET https://cloudfunctions.googleapis.com/v1/operations/c3Vic3RyYWNrLTcxMmYyL3VzLWNlbnRyYWwxL2FkZFN1YnNjcmlwdGlvblNlcnZpY2VzLy1vdWNlVmlfTGNz 200
[debug] [2023-05-10T18:51:15.780Z] <<< [apiv2][body] GET https://cloudfunctions.googleapis.com/v1/operations/c3Vic3RyYWNrLTcxMmYyL3VzLWNlbnRyYWwxL2FkZFN1YnNjcmlwdGlvblNlcnZpY2VzLy1vdWNlVmlfTGNz {"name":"operations/c3Vic3RyYWNrLTcxMmYyL3VzLWNlbnRyYWwxL2FkZFN1YnNjcmlwdGlvblNlcnZpY2VzLy1vdWNlVmlfTGNz","metadata":{"@type":"type.googleapis.com/google.cloud.functions.v1.OperationMetadataV1","target":"projects/substrack-712f2/locations/us-central1/functions/addSubscriptionServices","type":"UPDATE_FUNCTION","request":{"@type":"type.googleapis.com/google.cloud.functions.v1.CloudFunction","name":"projects/substrack-712f2/locations/us-central1/functions/addSubscriptionServices","httpsTrigger":{"url":"https://us-central1-substrack-712f2.cloudfunctions.net/addSubscriptionServices","securityLevel":"SECURE_ALWAYS"},"status":"ACTIVE","entryPoint":"addSubscriptionServices","updateTime":"2023-05-10T18:40:15.345Z","versionId":"13","labels":{"deployment-tool":"cli-firebase","deployment-callable":"true","firebase-functions-hash":"a1b012f5fe4334e1d579fe9c5abe7300bcd02103"},"sourceUploadUrl":"https://storage.googleapis.com/uploads-556107030103.us-central1.cloudfunctions.appspot.com/2132af6f-f482-48c0-b0be-6cd5412386dc.zip?GoogleAccessId=service-580035600962@gcf-admin-robot.iam.gserviceaccount.com&Expires=1683746470&Signature=kCdoC5mxH%2FLN1tP8XO0fn9r9MJZESu9tPbuWVcxtaw2BlPIwDuEcoL42fdcvMRtnWj6rj%2Bg0Yr5MURD74nq7nT6cVrmU7SU4f6xgKRE8ZpnofHsb2qxdJYto0L4XrYA2io7YJ%2FbX9mhF60Y%2F96abGVnfUYEebwytajC3%2BGtlGYL1CyZCs5%2F6O9fO1cMVB8mdjIlfppMkaL74kIAq4NKB%2Fm%2Fjm7yVDaUb9q6RP2Kaiwy9QOqkTZOe7JwHPqMX1W8qDRBhe0gIaJHZlo1PqopP0rkJYlRnM86QSdO3DjxYpSDXWE6YzwzMsfQj4ctb4rDfnWaX7KagWp3n%2BJXFKYEN7w%3D%3D","environmentVariables":{"FIREBASE_CONFIG":"{\"projectId\":\"substrack-712f2\",\"databaseURL\":\"https://substrack-712f2-default-rtdb.firebaseio.com\",\"storageBucket\":\"substrack-712f2.appspot.com\"}","GCLOUD_PROJECT":"substrack-712f2","EVENTARC_CLOUD_EVENT_SOURCE":"projects/substrack-712f2/locations/us-central1/functions/addSubscriptionServices"},"runtime":"nodejs16","buildId":"a0c56f31-8016-4158-aee8-3973958aefd7","buildEnvironmentVariables":{"GOOGLE_NODE_RUN_SCRIPTS":""},"buildName":"projects/580035600962/locations/us-central1/builds/a0c56f31-8016-4158-aee8-3973958aefd7","dockerRegistry":"ARTIFACT_REGISTRY"},"versionId":"14","updateTime":"2023-05-10T18:51:11Z","buildId":"c7d1e594-2cf5-4538-a2ca-62153652c006","buildName":"projects/580035600962/locations/us-central1/builds/c7d1e594-2cf5-4538-a2ca-62153652c006"}}
[debug] [2023-05-10T18:51:19.781Z] [update-default-us-central1-addSubscriptionServices] Retrying task index 0
[debug] [2023-05-10T18:51:19.782Z] >>> [apiv2][query] GET https://cloudfunctions.googleapis.com/v1/operations/c3Vic3RyYWNrLTcxMmYyL3VzLWNlbnRyYWwxL2FkZFN1YnNjcmlwdGlvblNlcnZpY2VzLy1vdWNlVmlfTGNz [none]
[debug] [2023-05-10T18:51:19.937Z] <<< [apiv2][status] GET https://cloudfunctions.googleapis.com/v1/operations/c3Vic3RyYWNrLTcxMmYyL3VzLWNlbnRyYWwxL2FkZFN1YnNjcmlwdGlvblNlcnZpY2VzLy1vdWNlVmlfTGNz 200
[debug] [2023-05-10T18:51:19.937Z] <<< [apiv2][body] GET https://cloudfunctions.googleapis.com/v1/operations/c3Vic3RyYWNrLTcxMmYyL3VzLWNlbnRyYWwxL2FkZFN1YnNjcmlwdGlvblNlcnZpY2VzLy1vdWNlVmlfTGNz {"name":"operations/c3Vic3RyYWNrLTcxMmYyL3VzLWNlbnRyYWwxL2FkZFN1YnNjcmlwdGlvblNlcnZpY2VzLy1vdWNlVmlfTGNz","metadata":{"@type":"type.googleapis.com/google.cloud.functions.v1.OperationMetadataV1","target":"projects/substrack-712f2/locations/us-central1/functions/addSubscriptionServices","type":"UPDATE_FUNCTION","request":{"@type":"type.googleapis.com/google.cloud.functions.v1.CloudFunction","name":"projects/substrack-712f2/locations/us-central1/functions/addSubscriptionServices","httpsTrigger":{"url":"https://us-central1-substrack-712f2.cloudfunctions.net/addSubscriptionServices","securityLevel":"SECURE_ALWAYS"},"status":"ACTIVE","entryPoint":"addSubscriptionServices","updateTime":"2023-05-10T18:40:15.345Z","versionId":"13","labels":{"deployment-tool":"cli-firebase","deployment-callable":"true","firebase-functions-hash":"a1b012f5fe4334e1d579fe9c5abe7300bcd02103"},"sourceUploadUrl":"https://storage.googleapis.com/uploads-556107030103.us-central1.cloudfunctions.appspot.com/2132af6f-f482-48c0-b0be-6cd5412386dc.zip?GoogleAccessId=service-580035600962@gcf-admin-robot.iam.gserviceaccount.com&Expires=1683746470&Signature=kCdoC5mxH%2FLN1tP8XO0fn9r9MJZESu9tPbuWVcxtaw2BlPIwDuEcoL42fdcvMRtnWj6rj%2Bg0Yr5MURD74nq7nT6cVrmU7SU4f6xgKRE8ZpnofHsb2qxdJYto0L4XrYA2io7YJ%2FbX9mhF60Y%2F96abGVnfUYEebwytajC3%2BGtlGYL1CyZCs5%2F6O9fO1cMVB8mdjIlfppMkaL74kIAq4NKB%2Fm%2Fjm7yVDaUb9q6RP2Kaiwy9QOqkTZOe7JwHPqMX1W8qDRBhe0gIaJHZlo1PqopP0rkJYlRnM86QSdO3DjxYpSDXWE6YzwzMsfQj4ctb4rDfnWaX7KagWp3n%2BJXFKYEN7w%3D%3D","environmentVariables":{"FIREBASE_CONFIG":"{\"projectId\":\"substrack-712f2\",\"databaseURL\":\"https://substrack-712f2-default-rtdb.firebaseio.com\",\"storageBucket\":\"substrack-712f2.appspot.com\"}","GCLOUD_PROJECT":"substrack-712f2","EVENTARC_CLOUD_EVENT_SOURCE":"projects/substrack-712f2/locations/us-central1/functions/addSubscriptionServices"},"runtime":"nodejs16","buildId":"a0c56f31-8016-4158-aee8-3973958aefd7","buildEnvironmentVariables":{"GOOGLE_NODE_RUN_SCRIPTS":""},"buildName":"projects/580035600962/locations/us-central1/builds/a0c56f31-8016-4158-aee8-3973958aefd7","dockerRegistry":"ARTIFACT_REGISTRY"},"versionId":"14","updateTime":"2023-05-10T18:51:11Z","buildId":"c7d1e594-2cf5-4538-a2ca-62153652c006","buildName":"projects/580035600962/locations/us-central1/builds/c7d1e594-2cf5-4538-a2ca-62153652c006"}}
[debug] [2023-05-10T18:51:27.937Z] [update-default-us-central1-addSubscriptionServices] Retrying task index 0
[debug] [2023-05-10T18:51:27.938Z] >>> [apiv2][query] GET https://cloudfunctions.googleapis.com/v1/operations/c3Vic3RyYWNrLTcxMmYyL3VzLWNlbnRyYWwxL2FkZFN1YnNjcmlwdGlvblNlcnZpY2VzLy1vdWNlVmlfTGNz [none]
[debug] [2023-05-10T18:51:28.128Z] <<< [apiv2][status] GET https://cloudfunctions.googleapis.com/v1/operations/c3Vic3RyYWNrLTcxMmYyL3VzLWNlbnRyYWwxL2FkZFN1YnNjcmlwdGlvblNlcnZpY2VzLy1vdWNlVmlfTGNz 200
[debug] [2023-05-10T18:51:28.128Z] <<< [apiv2][body] GET https://cloudfunctions.googleapis.com/v1/operations/c3Vic3RyYWNrLTcxMmYyL3VzLWNlbnRyYWwxL2FkZFN1YnNjcmlwdGlvblNlcnZpY2VzLy1vdWNlVmlfTGNz {"name":"operations/c3Vic3RyYWNrLTcxMmYyL3VzLWNlbnRyYWwxL2FkZFN1YnNjcmlwdGlvblNlcnZpY2VzLy1vdWNlVmlfTGNz","metadata":{"@type":"type.googleapis.com/google.cloud.functions.v1.OperationMetadataV1","target":"projects/substrack-712f2/locations/us-central1/functions/addSubscriptionServices","type":"UPDATE_FUNCTION","request":{"@type":"type.googleapis.com/google.cloud.functions.v1.CloudFunction","name":"projects/substrack-712f2/locations/us-central1/functions/addSubscriptionServices","httpsTrigger":{"url":"https://us-central1-substrack-712f2.cloudfunctions.net/addSubscriptionServices","securityLevel":"SECURE_ALWAYS"},"status":"ACTIVE","entryPoint":"addSubscriptionServices","updateTime":"2023-05-10T18:40:15.345Z","versionId":"13","labels":{"deployment-tool":"cli-firebase","deployment-callable":"true","firebase-functions-hash":"a1b012f5fe4334e1d579fe9c5abe7300bcd02103"},"sourceUploadUrl":"https://storage.googleapis.com/uploads-556107030103.us-central1.cloudfunctions.appspot.com/2132af6f-f482-48c0-b0be-6cd5412386dc.zip?GoogleAccessId=service-580035600962@gcf-admin-robot.iam.gserviceaccount.com&Expires=1683746470&Signature=kCdoC5mxH%2FLN1tP8XO0fn9r9MJZESu9tPbuWVcxtaw2BlPIwDuEcoL42fdcvMRtnWj6rj%2Bg0Yr5MURD74nq7nT6cVrmU7SU4f6xgKRE8ZpnofHsb2qxdJYto0L4XrYA2io7YJ%2FbX9mhF60Y%2F96abGVnfUYEebwytajC3%2BGtlGYL1CyZCs5%2F6O9fO1cMVB8mdjIlfppMkaL74kIAq4NKB%2Fm%2Fjm7yVDaUb9q6RP2Kaiwy9QOqkTZOe7JwHPqMX1W8qDRBhe0gIaJHZlo1PqopP0rkJYlRnM86QSdO3DjxYpSDXWE6YzwzMsfQj4ctb4rDfnWaX7KagWp3n%2BJXFKYEN7w%3D%3D","environmentVariables":{"FIREBASE_CONFIG":"{\"projectId\":\"substrack-712f2\",\"databaseURL\":\"https://substrack-712f2-default-rtdb.firebaseio.com\",\"storageBucket\":\"substrack-712f2.appspot.com\"}","GCLOUD_PROJECT":"substrack-712f2","EVENTARC_CLOUD_EVENT_SOURCE":"projects/substrack-712f2/locations/us-central1/functions/addSubscriptionServices"},"runtime":"nodejs16","buildId":"a0c56f31-8016-4158-aee8-3973958aefd7","buildEnvironmentVariables":{"GOOGLE_NODE_RUN_SCRIPTS":""},"buildName":"projects/580035600962/locations/us-central1/builds/a0c56f31-8016-4158-aee8-3973958aefd7","dockerRegistry":"ARTIFACT_REGISTRY"},"versionId":"14","updateTime":"2023-05-10T18:51:11Z","buildId":"c7d1e594-2cf5-4538-a2ca-62153652c006","buildName":"projects/580035600962/locations/us-central1/builds/c7d1e594-2cf5-4538-a2ca-62153652c006"}}
[debug] [2023-05-10T18:51:38.129Z] [update-default-us-central1-addSubscriptionServices] Retrying task index 0
[debug] [2023-05-10T18:51:38.130Z] >>> [apiv2][query] GET https://cloudfunctions.googleapis.com/v1/operations/c3Vic3RyYWNrLTcxMmYyL3VzLWNlbnRyYWwxL2FkZFN1YnNjcmlwdGlvblNlcnZpY2VzLy1vdWNlVmlfTGNz [none]
[debug] [2023-05-10T18:51:38.329Z] <<< [apiv2][status] GET https://cloudfunctions.googleapis.com/v1/operations/c3Vic3RyYWNrLTcxMmYyL3VzLWNlbnRyYWwxL2FkZFN1YnNjcmlwdGlvblNlcnZpY2VzLy1vdWNlVmlfTGNz 200
[debug] [2023-05-10T18:51:38.329Z] <<< [apiv2][body] GET https://cloudfunctions.googleapis.com/v1/operations/c3Vic3RyYWNrLTcxMmYyL3VzLWNlbnRyYWwxL2FkZFN1YnNjcmlwdGlvblNlcnZpY2VzLy1vdWNlVmlfTGNz {"name":"operations/c3Vic3RyYWNrLTcxMmYyL3VzLWNlbnRyYWwxL2FkZFN1YnNjcmlwdGlvblNlcnZpY2VzLy1vdWNlVmlfTGNz","metadata":{"@type":"type.googleapis.com/google.cloud.functions.v1.OperationMetadataV1","target":"projects/substrack-712f2/locations/us-central1/functions/addSubscriptionServices","type":"UPDATE_FUNCTION","request":{"@type":"type.googleapis.com/google.cloud.functions.v1.CloudFunction","name":"projects/substrack-712f2/locations/us-central1/functions/addSubscriptionServices","httpsTrigger":{"url":"https://us-central1-substrack-712f2.cloudfunctions.net/addSubscriptionServices","securityLevel":"SECURE_ALWAYS"},"status":"ACTIVE","entryPoint":"addSubscriptionServices","updateTime":"2023-05-10T18:40:15.345Z","versionId":"13","labels":{"deployment-tool":"cli-firebase","deployment-callable":"true","firebase-functions-hash":"a1b012f5fe4334e1d579fe9c5abe7300bcd02103"},"sourceUploadUrl":"https://storage.googleapis.com/uploads-556107030103.us-central1.cloudfunctions.appspot.com/2132af6f-f482-48c0-b0be-6cd5412386dc.zip?GoogleAccessId=service-580035600962@gcf-admin-robot.iam.gserviceaccount.com&Expires=1683746470&Signature=kCdoC5mxH%2FLN1tP8XO0fn9r9MJZESu9tPbuWVcxtaw2BlPIwDuEcoL42fdcvMRtnWj6rj%2Bg0Yr5MURD74nq7nT6cVrmU7SU4f6xgKRE8ZpnofHsb2qxdJYto0L4XrYA2io7YJ%2FbX9mhF60Y%2F96abGVnfUYEebwytajC3%2BGtlGYL1CyZCs5%2F6O9fO1cMVB8mdjIlfppMkaL74kIAq4NKB%2Fm%2Fjm7yVDaUb9q6RP2Kaiwy9QOqkTZOe7JwHPqMX1W8qDRBhe0gIaJHZlo1PqopP0rkJYlRnM86QSdO3DjxYpSDXWE6YzwzMsfQj4ctb4rDfnWaX7KagWp3n%2BJXFKYEN7w%3D%3D","environmentVariables":{"FIREBASE_CONFIG":"{\"projectId\":\"substrack-712f2\",\"databaseURL\":\"https://substrack-712f2-default-rtdb.firebaseio.com\",\"storageBucket\":\"substrack-712f2.appspot.com\"}","GCLOUD_PROJECT":"substrack-712f2","EVENTARC_CLOUD_EVENT_SOURCE":"projects/substrack-712f2/locations/us-central1/functions/addSubscriptionServices"},"runtime":"nodejs16","buildId":"a0c56f31-8016-4158-aee8-3973958aefd7","buildEnvironmentVariables":{"GOOGLE_NODE_RUN_SCRIPTS":""},"buildName":"projects/580035600962/locations/us-central1/builds/a0c56f31-8016-4158-aee8-3973958aefd7","dockerRegistry":"ARTIFACT_REGISTRY"},"versionId":"14","updateTime":"2023-05-10T18:51:11Z","buildId":"c7d1e594-2cf5-4538-a2ca-62153652c006","buildName":"projects/580035600962/locations/us-central1/builds/c7d1e594-2cf5-4538-a2ca-62153652c006"}}
